block "taylor_green_vortex_block" decomposed on to a processor grid of 32 x 16 x 16  
Finished block decomposition
Iteration is 0 
Iteration is 100 
Iteration is 200 
Iteration is 300 
Iteration is 400 
Iteration is 500 
Iteration is 600 
Iteration is 700 
Iteration is 800 
Iteration is 900 
End of time iteration loop 
performed 1000 iterations

---------------------------------------------------------------------------

Timings are:
------------------Simulation time-----------------------------------------
Total Wall time of the time iteration loop for 1000 iterations, 247.252501
Time taken for 1 iteration, 0.247253

Not performing file I/O as write HDF5 is set to False
